# JRE version: Java(TM) SE Runtime Environment (8.0_202-b08) (build 1.8.0_202-b08)
# Java VM: Java HotSpot(TM) 64-Bit Server VM (25.202-b08 mixed mode windows-amd64 compressed oops)
Heap:
 PSYoungGen      total 140800K, used 140776K [0x00000000d6500000, 0x00000000e7080000, 0x0000000100000000)
  eden space 131072K, 100% used [0x00000000d6500000,0x00000000de500000,0x00000000de500000)
  from space 9728K, 99% used [0x00000000de500000,0x00000000dee7a0e0,0x00000000dee80000)
  to   space 12800K, 0% used [0x00000000e6400000,0x00000000e6400000,0x00000000e7080000)
 ParOldGen       total 45056K, used 7728K [0x0000000082e00000, 0x0000000085a00000, 0x00000000d6500000)
  object space 45056K, 17% used [0x0000000082e00000,0x000000008358c198,0x0000000085a00000)
 Metaspace       used 32758K, capacity 34912K, committed 35200K, reserved 1079296K
  class space    used 4271K, capacity 4636K, committed 4736K, reserved 1048576K
GC Heap History (10 events):
Event: 4.217 GC heap before
{Heap before GC invocations=4 (full 0):
 PSYoungGen      total 37888K, used 37863K [0x00000000d6500000, 0x00000000daf00000, 0x0000000100000000)
  eden space 32768K, 100% used [0x00000000d6500000,0x00000000d8500000,0x00000000d8500000)
  from space 5120K, 99% used [0x00000000d8500000,0x00000000d89f9e70,0x00000000d8a00000)
  to   space 5120K, 0% used [0x00000000daa00000,0x00000000daa00000,0x00000000daf00000)
 ParOldGen       total 86016K, used 228K [0x0000000082e00000, 0x0000000088200000, 0x00000000d6500000)
  object space 86016K, 0% used [0x0000000082e00000,0x0000000082e39368,0x0000000088200000)
 Metaspace       used 14939K, capacity 15572K, committed 15872K, reserved 1062912K
  class space    used 1828K, capacity 1983K, committed 2048K, reserved 1048576K
Event: 4.222 GC heap after
Heap after GC invocations=4 (full 0):
 PSYoungGen      total 70656K, used 5089K [0x00000000d6500000, 0x00000000daf00000, 0x0000000100000000)
  eden space 65536K, 0% used [0x00000000d6500000,0x00000000d6500000,0x00000000da500000)
  from space 5120K, 99% used [0x00000000daa00000,0x00000000daef8598,0x00000000daf00000)
  to   space 5120K, 0% used [0x00000000da500000,0x00000000da500000,0x00000000daa00000)
 ParOldGen       total 86016K, used 1408K [0x0000000082e00000, 0x0000000088200000, 0x00000000d6500000)
  object space 86016K, 1% used [0x0000000082e00000,0x0000000082f601f0,0x0000000088200000)
 Metaspace       used 14939K, capacity 15572K, committed 15872K, reserved 1062912K
  class space    used 1828K, capacity 1983K, committed 2048K, reserved 1048576K
}
Event: 5.011 GC heap before
{Heap before GC invocations=5 (full 0):
 PSYoungGen      total 70656K, used 70607K [0x00000000d6500000, 0x00000000daf00000, 0x0000000100000000)
  eden space 65536K, 99% used [0x00000000d6500000,0x00000000da4fb838,0x00000000da500000)
  from space 5120K, 99% used [0x00000000daa00000,0x00000000daef8598,0x00000000daf00000)
  to   space 5120K, 0% used [0x00000000da500000,0x00000000da500000,0x00000000daa00000)
 ParOldGen       total 86016K, used 1408K [0x0000000082e00000, 0x0000000088200000, 0x00000000d6500000)
  object space 86016K, 1% used [0x0000000082e00000,0x0000000082f601f0,0x0000000088200000)
 Metaspace       used 19922K, capacity 20772K, committed 20864K, reserved 1067008K
  class space    used 2478K, capacity 2671K, committed 2688K, reserved 1048576K
Event: 5.018 GC heap after
Heap after GC invocations=5 (full 0):
 PSYoungGen      total 70656K, used 5115K [0x00000000d6500000, 0x00000000dfa00000, 0x0000000100000000)
  eden space 65536K, 0% used [0x00000000d6500000,0x00000000d6500000,0x00000000da500000)
  from space 5120K, 99% used [0x00000000da500000,0x00000000da9fec98,0x00000000daa00000)
  to   space 10752K, 0% used [0x00000000def80000,0x00000000def80000,0x00000000dfa00000)
 ParOldGen       total 86016K, used 5830K [0x0000000082e00000, 0x0000000088200000, 0x00000000d6500000)
  object space 86016K, 6% used [0x0000000082e00000,0x00000000833b1ad0,0x0000000088200000)
 Metaspace       used 19922K, capacity 20772K, committed 20864K, reserved 1067008K
  class space    used 2478K, capacity 2671K, committed 2688K, reserved 1048576K
}
Event: 5.330 GC heap before
{Heap before GC invocations=6 (full 0):
 PSYoungGen      total 70656K, used 34666K [0x00000000d6500000, 0x00000000dfa00000, 0x0000000100000000)
  eden space 65536K, 45% used [0x00000000d6500000,0x00000000d81dbea0,0x00000000da500000)
  from space 5120K, 99% used [0x00000000da500000,0x00000000da9fec98,0x00000000daa00000)
  to   space 10752K, 0% used [0x00000000def80000,0x00000000def80000,0x00000000dfa00000)
 ParOldGen       total 86016K, used 5830K [0x0000000082e00000, 0x0000000088200000, 0x00000000d6500000)
  object space 86016K, 6% used [0x0000000082e00000,0x00000000833b1ad0,0x0000000088200000)
 Metaspace       used 20299K, capacity 21156K, committed 21248K, reserved 1067008K
  class space    used 2513K, capacity 2735K, committed 2816K, reserved 1048576K
Event: 5.334 GC heap after
Heap after GC invocations=6 (full 0):
 PSYoungGen      total 139776K, used 5535K [0x00000000d6500000, 0x00000000df800000, 0x0000000100000000)
  eden space 131072K, 0% used [0x00000000d6500000,0x00000000d6500000,0x00000000de500000)
  from space 8704K, 63% used [0x00000000def80000,0x00000000df4e7de8,0x00000000df800000)
  to   space 9728K, 0% used [0x00000000de500000,0x00000000de500000,0x00000000dee80000)
 ParOldGen       total 86016K, used 5838K [0x0000000082e00000, 0x0000000088200000, 0x00000000d6500000)
  object space 86016K, 6% used [0x0000000082e00000,0x00000000833b3ad0,0x0000000088200000)
 Metaspace       used 20299K, capacity 21156K, committed 21248K, reserved 1067008K
  class space    used 2513K, capacity 2735K, committed 2816K, reserved 1048576K
}
Event: 5.334 GC heap before
{Heap before GC invocations=7 (full 1):
 PSYoungGen      total 139776K, used 5535K [0x00000000d6500000, 0x00000000df800000, 0x0000000100000000)
  eden space 131072K, 0% used [0x00000000d6500000,0x00000000d6500000,0x00000000de500000)
  from space 8704K, 63% used [0x00000000def80000,0x00000000df4e7de8,0x00000000df800000)
  to   space 9728K, 0% used [0x00000000de500000,0x00000000de500000,0x00000000dee80000)
 ParOldGen       total 86016K, used 5838K [0x0000000082e00000, 0x0000000088200000, 0x00000000d6500000)
  object space 86016K, 6% used [0x0000000082e00000,0x00000000833b3ad0,0x0000000088200000)
 Metaspace       used 20299K, capacity 21156K, committed 21248K, reserved 1067008K
  class space    used 2513K, capacity 2735K, committed 2816K, reserved 1048576K
Event: 5.352 GC heap after
Heap after GC invocations=7 (full 1):
 PSYoungGen      total 139776K, used 0K [0x00000000d6500000, 0x00000000df800000, 0x0000000100000000)
  eden space 131072K, 0% used [0x00000000d6500000,0x00000000d6500000,0x00000000de500000)
  from space 8704K, 0% used [0x00000000def80000,0x00000000def80000,0x00000000df800000)
  to   space 9728K, 0% used [0x00000000de500000,0x00000000de500000,0x00000000dee80000)
 ParOldGen       total 45056K, used 5386K [0x0000000082e00000, 0x0000000085a00000, 0x00000000d6500000)
  object space 45056K, 11% used [0x0000000082e00000,0x00000000833428f8,0x0000000085a00000)
 Metaspace       used 20299K, capacity 21156K, committed 21248K, reserved 1067008K
  class space    used 2513K, capacity 2735K, committed 2816K, reserved 1048576K
}
Event: 8.205 GC heap before
{Heap before GC invocations=8 (full 1):
 PSYoungGen      total 139776K, used 131072K [0x00000000d6500000, 0x00000000df800000, 0x0000000100000000)
  eden space 131072K, 100% used [0x00000000d6500000,0x00000000de500000,0x00000000de500000)
  from space 8704K, 0% used [0x00000000def80000,0x00000000def80000,0x00000000df800000)
  to   space 9728K, 0% used [0x00000000de500000,0x00000000de500000,0x00000000dee80000)
 ParOldGen       total 45056K, used 5386K [0x0000000082e00000, 0x0000000085a00000, 0x00000000d6500000)
  object space 45056K, 11% used [0x0000000082e00000,0x00000000833428f8,0x0000000085a00000)
 Metaspace       used 27901K, capacity 29820K, committed 29952K, reserved 1075200K
  class space    used 3656K, capacity 3994K, committed 4096K, reserved 1048576K
Event: 8.214 GC heap after
Heap after GC invocations=8 (full 1):
 PSYoungGen      total 140800K, used 9704K [0x00000000d6500000, 0x00000000e7080000, 0x0000000100000000)
  eden space 131072K, 0% used [0x00000000d6500000,0x00000000d6500000,0x00000000de500000)
  from space 9728K, 99% used [0x00000000de500000,0x00000000dee7a0e0,0x00000000dee80000)
  to   space 12800K, 0% used [0x00000000e6400000,0x00000000e6400000,0x00000000e7080000)
 ParOldGen       total 45056K, used 7728K [0x0000000082e00000, 0x0000000085a00000, 0x00000000d6500000)
  object space 45056K, 17% used [0x0000000082e00000,0x000000008358c198,0x0000000085a00000)
 Metaspace       used 27901K, capacity 29820K, committed 29952K, reserved 1075200K
  class space    used 3656K, capacity 3994K, committed 4096K, reserved 1048576K
}

